Determining if the pthread_create exist failed with the following output:
Change Dir: /home/wz/sensor_ws/src/build/CMakeFiles/CMakeTmp

Run Build Command:"/usr/bin/make" "cmTC_9c597/fast"
/usr/bin/make -f CMakeFiles/cmTC_9c597.dir/build.make CMakeFiles/cmTC_9c597.dir/build
make[1]: Entering directory '/home/wz/sensor_ws/src/build/CMakeFiles/CMakeTmp'
Building C object CMakeFiles/cmTC_9c597.dir/CheckSymbolExists.c.o
/usr/bin/x86_64-linux-gnu-gcc-5    -o CMakeFiles/cmTC_9c597.dir/CheckSymbolExists.c.o   -c /home/wz/sensor_ws/src/build/CMakeFiles/CMakeTmp/CheckSymbolExists.c
Linking C executable cmTC_9c597
/opt/cmake-3.13.0/bin/cmake -E cmake_link_script CMakeFiles/cmTC_9c597.dir/link.txt --verbose=1
/usr/bin/x86_64-linux-gnu-gcc-5      -rdynamic CMakeFiles/cmTC_9c597.dir/CheckSymbolExists.c.o  -o cmTC_9c597 
CMakeFiles/cmTC_9c597.dir/CheckSymbolExists.c.o: In function `main':
CheckSymbolExists.c:(.text+0x16): undefined reference to `pthread_create'
collect2: error: ld returned 1 exit status
CMakeFiles/cmTC_9c597.dir/build.make:86: recipe for target 'cmTC_9c597' failed
make[1]: *** [cmTC_9c597] Error 1
make[1]: Leaving directory '/home/wz/sensor_ws/src/build/CMakeFiles/CMakeTmp'
Makefile:121: recipe for target 'cmTC_9c597/fast' failed
make: *** [cmTC_9c597/fast] Error 2

File /home/wz/sensor_ws/src/build/CMakeFiles/CMakeTmp/CheckSymbolExists.c:
/* */
#include <pthread.h>

int main(int argc, char** argv)
{
  (void)argv;
#ifndef pthread_create
  return ((int*)(&pthread_create))[argc];
#else
  (void)argc;
  return 0;
#endif
}

Determining if the function pthread_create exists in the pthreads failed with the following output:
Change Dir: /home/wz/sensor_ws/src/build/CMakeFiles/CMakeTmp

Run Build Command:"/usr/bin/make" "cmTC_f561b/fast"
/usr/bin/make -f CMakeFiles/cmTC_f561b.dir/build.make CMakeFiles/cmTC_f561b.dir/build
make[1]: Entering directory '/home/wz/sensor_ws/src/build/CMakeFiles/CMakeTmp'
Building C object CMakeFiles/cmTC_f561b.dir/CheckFunctionExists.c.o
/usr/bin/x86_64-linux-gnu-gcc-5   -DCHECK_FUNCTION_EXISTS=pthread_create   -o CMakeFiles/cmTC_f561b.dir/CheckFunctionExists.c.o   -c /opt/cmake-3.13.0/share/cmake-3.13/Modules/CheckFunctionExists.c
Linking C executable cmTC_f561b
/opt/cmake-3.13.0/bin/cmake -E cmake_link_script CMakeFiles/cmTC_f561b.dir/link.txt --verbose=1
/usr/bin/x86_64-linux-gnu-gcc-5  -DCHECK_FUNCTION_EXISTS=pthread_create    -rdynamic CMakeFiles/cmTC_f561b.dir/CheckFunctionExists.c.o  -o cmTC_f561b -lpthreads 
/usr/bin/ld: cannot find -lpthreads
collect2: error: ld returned 1 exit status
CMakeFiles/cmTC_f561b.dir/build.make:86: recipe for target 'cmTC_f561b' failed
make[1]: *** [cmTC_f561b] Error 1
make[1]: Leaving directory '/home/wz/sensor_ws/src/build/CMakeFiles/CMakeTmp'
Makefile:121: recipe for target 'cmTC_f561b/fast' failed
make: *** [cmTC_f561b/fast] Error 2


